[debug] > Exec(reload, None, None)
[debug] > Exec(sbtStashOnFailure, None, None)
[debug] > Exec(onFailure loadFailed, None, None)
[debug] > Exec(loadp, None, None)
[info] welcome to sbt 1.10.2 (Amazon.com Inc. Java 1.8.0_422)
[debug] Load.defaultLoad until apply took 0.9764ms
[debug]           Load.loadUnit: plugins took 9.5162ms
[debug]           Load.loadUnit: defsScala took 0.0014ms
[debug] [Loading] Scanning directory C:\Users\tomli\Workspace\Personal\deutsche-tl\project
[debug]             Load.loadUnit: mkEval took 0.1198ms
[debug] [Loading] Found non-root projects 
[debug] [Loading] Done in C:\Users\tomli\Workspace\Personal\deutsche-tl\project, returning: ()
[debug] deducing auto plugins based on known facts Set(Atom(sbt.plugins.CorePlugin)) and clauses Clauses(Clause(Atom(sbt.plugins.JvmPlugin),Set(Atom(sbt.plugins.IvyPlugin)))
[debug] Clause(Atom(sbt.ScriptedPlugin),Set(Atom(sbt.plugins.JvmPlugin)))
[debug] Clause(Atom(sbt.plugins.SbtPlugin),Set(Atom(sbt.ScriptedPlugin)))
[debug] Clause(Atom(sbt.plugins.SemanticdbPlugin),Set(Atom(sbt.plugins.JvmPlugin)))
[debug] Clause(Atom(sbt.plugins.JUnitXmlReportPlugin),Set(Atom(sbt.plugins.JvmPlugin)))
[debug] Clause(Atom(sbt.plugins.MiniDependencyTreePlugin),Set(Atom(sbt.plugins.JvmPlugin)))
[debug] Clause(Atom(sbt.plugins.CorePlugin),Set(Atom(sbt.plugins.IvyPlugin)))
[debug] Clause(Atom(sbt.plugins.IvyPlugin),Set(Atom(sbt.plugins.JvmPlugin)))
[debug] Clause(Atom(sbt.plugins.JvmPlugin),Set(Atom(sbt.plugins.SemanticdbPlugin)))
[debug] Clause(Atom(sbt.plugins.JvmPlugin),Set(Atom(sbt.plugins.JUnitXmlReportPlugin)))
[debug] Clause(Atom(sbt.plugins.CorePlugin),Set(Atom(sbt.plugins.Giter8TemplatePlugin)))
[debug] Clause(Atom(sbt.plugins.JvmPlugin),Set(Atom(sbt.plugins.MiniDependencyTreePlugin))))
[debug]   :: deduced result: Matched(sbt.plugins.CorePlugin,sbt.plugins.Giter8TemplatePlugin,sbt.plugins.IvyPlugin,sbt.plugins.JvmPlugin,sbt.plugins.MiniDependencyTreePlugin,sbt.plugins.JUnitXmlReportPlugin,sbt.plugins.SemanticdbPlugin)
[debug] Plugins.deducer#function took 0.5401 ms
[info] loading settings for project deutsche-tl-build from plugins.sbt,idea10.sbt ...
[debug]               Load.resolveProject(deutsche-tl-build) took 0.6714ms
[debug]             Load.loadTransitive: finalizeProject(Project(id deutsche-tl-build, base: C:\Users\tomli\Workspace\Personal\deutsche-tl\project, plugins: List(<none>))) took 1.3571ms
[debug] [Loading] Done in C:\Users\tomli\Workspace\Personal\deutsche-tl\project, returning: (deutsche-tl-build)
[debug]           Load.loadUnit: loadedProjectsRaw took 14.9344ms
[debug]           Load.loadUnit: cleanEvalClasses took 0.8664ms
[debug]         Load.loadUnit(file:/C:/Users/tomli/Workspace/Personal/deutsche-tl/project/, ...) took 25.6981ms
[debug]       Load.apply: load took 26.2598ms
[debug]       Load.apply: resolveProjects took 0.0463ms
[debug]       Load.apply: finalTransforms took 2.0779ms
[debug]       Load.apply: config.delegates took 0.0926ms
[debug]       Load.apply: Def.make(settings)... took 21.3039ms
[debug]       Load.apply: structureIndex took 5.9677ms
[debug]       Load.apply: mkStreams took 0.0015ms
[info] loading project definition from C:\Users\tomli\Workspace\Personal\deutsche-tl\project
[debug] Running task... Cancel: Signal, check cycles: false, forcegc: true
[debug]     Load.loadUnit: plugins took 117.3907ms
[debug]     Load.loadUnit: defsScala took 0.0015ms
[debug] [Loading] Scanning directory C:\Users\tomli\Workspace\Personal\deutsche-tl
[debug]       Load.loadUnit: mkEval took 0.1369ms
[debug] [Loading] Found root project root w/ remaining 
[debug] deducing auto plugins based on known facts Set(Atom(sbt.plugins.CorePlugin)) and clauses Clauses(Clause(Atom(sbt.plugins.JvmPlugin),Set(Atom(sbt.plugins.IvyPlugin)))
[debug] Clause(Atom(sbt.ScriptedPlugin),Set(Atom(sbt.plugins.JvmPlugin)))
[debug] Clause(Atom(sbt.plugins.SbtPlugin),Set(Atom(sbt.ScriptedPlugin)))
[debug] Clause(Atom(sbt.plugins.SemanticdbPlugin),Set(Atom(sbt.plugins.JvmPlugin)))
[debug] Clause(Atom(sbt.plugins.JUnitXmlReportPlugin),Set(Atom(sbt.plugins.JvmPlugin)))
[debug] Clause(Atom(sbt.plugins.MiniDependencyTreePlugin),Set(Atom(sbt.plugins.JvmPlugin)))
[debug] Clause(Atom(sbtide.ConfigPlugin),Set(Atom(sbt.plugins.JvmPlugin)))
[debug] Clause(Atom(org.jetbrains.sbt.StructurePlugin),Set(Atom(sbt.plugins.JvmPlugin)))
[debug] Clause(Atom(org.jetbrains.sbt.IdeaShellPlugin),Set(Atom(sbt.plugins.JvmPlugin)))
[debug] Clause(Atom(sbt.plugins.CorePlugin),Set(Atom(sbt.plugins.IvyPlugin)))
[debug] Clause(Atom(sbt.plugins.IvyPlugin),Set(Atom(sbt.plugins.JvmPlugin)))
[debug] Clause(Atom(sbt.plugins.JvmPlugin),Set(Atom(sbt.plugins.SemanticdbPlugin)))
[debug] Clause(Atom(sbt.plugins.JvmPlugin),Set(Atom(sbt.plugins.JUnitXmlReportPlugin)))
[debug] Clause(Atom(sbt.plugins.CorePlugin),Set(Atom(sbt.plugins.Giter8TemplatePlugin)))
[debug] Clause(Atom(sbt.plugins.JvmPlugin),Set(Atom(sbt.plugins.MiniDependencyTreePlugin)))
[debug] Clause(Atom(sbt.plugins.JvmPlugin),Set(Atom(org.jetbrains.sbt.StructurePlugin)))
[debug] Clause(Atom(sbt.plugins.JvmPlugin),Set(Atom(org.jetbrains.sbt.IdeaShellPlugin))))
[debug]   :: deduced result: Matched(sbt.plugins.CorePlugin,sbt.plugins.Giter8TemplatePlugin,sbt.plugins.IvyPlugin,sbt.plugins.JvmPlugin,sbt.plugins.SemanticdbPlugin,sbt.plugins.JUnitXmlReportPlugin,org.jetbrains.sbt.IdeaShellPlugin,org.jetbrains.sbt.StructurePlugin,sbt.plugins.MiniDependencyTreePlugin)
[debug] Plugins.deducer#function took 0.4926 ms
[info] loading settings for project root from build.sbt ...
[debug]         Load.resolveProject(root) took 11.643ms
[debug]       Load.loadTransitive: finalizeProject(Project(id root, base: C:\Users\tomli\Workspace\Personal\deutsche-tl, plugins: List(<none>))) took 12.3505ms
[debug] [Loading] Done in C:\Users\tomli\Workspace\Personal\deutsche-tl, returning: (root)
[debug]     Load.loadUnit: loadedProjectsRaw took 144.0451ms
[debug]     Load.loadUnit: cleanEvalClasses took 1.6586ms
[debug]   Load.loadUnit(file:/C:/Users/tomli/Workspace/Personal/deutsche-tl/, ...) took 263.2816ms
[debug] Load.apply: load took 263.8338ms
[debug] Load.apply: resolveProjects took 0.0624ms
[debug] Load.apply: finalTransforms took 5.8028ms
[debug] Load.apply: config.delegates took 0.1692ms
[debug] Load.apply: Def.make(settings)... took 19.0258ms
[debug] Load.apply: structureIndex took 4.7976ms
[debug] Load.apply: mkStreams took 0.0024ms
[info] set current project to deutsche-tl (in build file:/C:/Users/tomli/Workspace/Personal/deutsche-tl/)
[warn] there's a key that's not used by any other settings/tasks:
[warn]  
[warn] * root / idePackagePrefix
[warn]   +- C:\Users\tomli\Workspace\Personal\deutsche-tl\build.sbt:22
[warn]  
[warn] note: a setting might still be used by a command; to exclude a key from this `lintUnused` check
[warn] either append it to `Global / excludeLintKeys` or call .withRank(KeyRanks.Invisible) on the key
[debug] > Exec(sbtPopOnFailure, None, None)
[debug] > Exec(resumeFromFailure, None, None)
[debug] > Exec(idea-shell, None, None)
[debug] > Exec(, None, None)
[debug] > Exec(idea-shell, None, None)
